Determining if the pthread_create exist failed with the following output:
Change Dir: /woody/software/source/openpose/cmake-build-debug/CMakeFiles/CMakeTmp

Run Build Command:"/usr/bin/make" "cmTC_209f8/fast"
/usr/bin/make -f CMakeFiles/cmTC_209f8.dir/build.make CMakeFiles/cmTC_209f8.dir/build
make[1]: Entering directory '/woody/software/source/openpose/cmake-build-debug/CMakeFiles/CMakeTmp'
Building C object CMakeFiles/cmTC_209f8.dir/CheckSymbolExists.c.o
/usr/bin/cc   -fPIC    -o CMakeFiles/cmTC_209f8.dir/CheckSymbolExists.c.o   -c /woody/software/source/openpose/cmake-build-debug/CMakeFiles/CMakeTmp/CheckSymbolExists.c
Linking C executable cmTC_209f8
/woody/software/home/clion-2018.3.1/bin/cmake/linux/bin/cmake -E cmake_link_script CMakeFiles/cmTC_209f8.dir/link.txt --verbose=1
/usr/bin/cc -fPIC     -rdynamic CMakeFiles/cmTC_209f8.dir/CheckSymbolExists.c.o  -o cmTC_209f8 
CMakeFiles/cmTC_209f8.dir/CheckSymbolExists.c.o：在函数‘main’中：
CheckSymbolExists.c:(.text+0x1b)：对‘pthread_create’未定义的引用
collect2: error: ld returned 1 exit status
CMakeFiles/cmTC_209f8.dir/build.make:86: recipe for target 'cmTC_209f8' failed
make[1]: *** [cmTC_209f8] Error 1
make[1]: Leaving directory '/woody/software/source/openpose/cmake-build-debug/CMakeFiles/CMakeTmp'
Makefile:121: recipe for target 'cmTC_209f8/fast' failed
make: *** [cmTC_209f8/fast] Error 2

File /woody/software/source/openpose/cmake-build-debug/CMakeFiles/CMakeTmp/CheckSymbolExists.c:
/* */
#include <pthread.h>

int main(int argc, char** argv)
{
  (void)argv;
#ifndef pthread_create
  return ((int*)(&pthread_create))[argc];
#else
  (void)argc;
  return 0;
#endif
}

Determining if the function pthread_create exists in the pthreads failed with the following output:
Change Dir: /woody/software/source/openpose/cmake-build-debug/CMakeFiles/CMakeTmp

Run Build Command:"/usr/bin/make" "cmTC_03e4e/fast"
/usr/bin/make -f CMakeFiles/cmTC_03e4e.dir/build.make CMakeFiles/cmTC_03e4e.dir/build
make[1]: Entering directory '/woody/software/source/openpose/cmake-build-debug/CMakeFiles/CMakeTmp'
Building C object CMakeFiles/cmTC_03e4e.dir/CheckFunctionExists.c.o
/usr/bin/cc   -fPIC -DCHECK_FUNCTION_EXISTS=pthread_create   -o CMakeFiles/cmTC_03e4e.dir/CheckFunctionExists.c.o   -c /woody/software/home/clion-2018.3.1/bin/cmake/linux/share/cmake-3.13/Modules/CheckFunctionExists.c
Linking C executable cmTC_03e4e
/woody/software/home/clion-2018.3.1/bin/cmake/linux/bin/cmake -E cmake_link_script CMakeFiles/cmTC_03e4e.dir/link.txt --verbose=1
/usr/bin/cc -fPIC -DCHECK_FUNCTION_EXISTS=pthread_create    -rdynamic CMakeFiles/cmTC_03e4e.dir/CheckFunctionExists.c.o  -o cmTC_03e4e -lpthreads 
/usr/bin/ld: 找不到 -lpthreads
collect2: error: ld returned 1 exit status
CMakeFiles/cmTC_03e4e.dir/build.make:86: recipe for target 'cmTC_03e4e' failed
make[1]: *** [cmTC_03e4e] Error 1
make[1]: Leaving directory '/woody/software/source/openpose/cmake-build-debug/CMakeFiles/CMakeTmp'
Makefile:121: recipe for target 'cmTC_03e4e/fast' failed
make: *** [cmTC_03e4e/fast] Error 2


